<?xml version="1.0" encoding="UTF-8"?>
<!-- Generated by org.testng.reporters.JUnitReportReporter -->
<testsuite skipped="0" hostname="Kresimir" name="TestMobile" tests="1" failures="0" timestamp="2020-01-14T16:03:27 CET" time="23.147" errors="0">
  <testcase name="testCal" time="23.147" classname="TestMobile"/>
</testsuite> <!-- TestMobile -->
